<?xml version="1.0" encoding="UTF-8"?>
<!-- Generated by org.testng.reporters.JUnitReportReporter -->
<testsuite hostname="LAPTOP-JDLJ19IK" failures="0" tests="2" name="testNG.test1" time="0.031" errors="0" timestamp="2020-04-26T20:27:39 PDT" skipped="0">
  <testcase classname="testNG.test1" name="second" time="0.004"/>
  <testcase classname="testNG.test1" name="Demo" time="0.027"/>
</testsuite> <!-- testNG.test1 -->
