<?xml version="1.0" encoding="UTF-8"?>
<!-- Generated by org.testng.reporters.JUnitReportReporter -->
<testsuite hostname="LAPTOP-JDLJ19IK" failures="0" tests="3" name="testNG.test3" time="0.006" errors="0" timestamp="2020-04-26T20:27:39 PDT" skipped="0">
  <testcase classname="testNG.test3" name="MobileLoginCarLoan" time="0.002"/>
  <testcase classname="testNG.test3" name="ApiLoginCarLoan" time="0.002"/>
  <testcase classname="testNG.test3" name="WebloginCarLoan" time="0.002"/>
</testsuite> <!-- testNG.test3 -->
