<?xml version="1.0" encoding="UTF-8"?>
<!-- Generated by org.testng.reporters.JUnitReportReporter -->
<testsuite hostname="LAPTOP-JDLJ19IK" failures="0" tests="1" name="testNG.test2" time="0.003" errors="0" timestamp="2020-04-26T20:27:39 PDT" skipped="0">
  <testcase classname="testNG.test2" name="second" time="0.003"/>
</testsuite> <!-- testNG.test2 -->
